<?xml version="1.0" encoding="UTF-8"?>
<!-- Generated by org.testng.reporters.JUnitReportReporter -->
<testsuite skipped="0" hostname="Аннушка-ПК" name="databasetests.TestProfilWithDB" tests="13" failures="0" timestamp="04 фев 2018 20:44:09 GMT" time="7.217" errors="0">
  <testcase name="unitValidation" time="0.137" classname="databasetests.TestProfilWithDB"/>
  <testcase name="nameValidationByLastName" time="0.081" classname="databasetests.TestProfilWithDB"/>
  <testcase name="cityValidation" time="6.026" classname="databasetests.TestProfilWithDB"/>
  <testcase name="skypeValidation" time="0.132" classname="databasetests.TestProfilWithDB"/>
  <testcase name="commentValidation" time="0.100" classname="databasetests.TestProfilWithDB"/>
  <testcase name="phoneValidation" time="0.098" classname="databasetests.TestProfilWithDB"/>
  <testcase name="workstationValidation" time="0.091" classname="databasetests.TestProfilWithDB"/>
  <testcase name="officeValidation" time="0.089" classname="databasetests.TestProfilWithDB"/>
  <testcase name="countryValidation" time="0.094" classname="databasetests.TestProfilWithDB"/>
  <testcase name="locationValidation" time="0.066" classname="databasetests.TestProfilWithDB"/>
  <testcase name="emailValidation" time="0.095" classname="databasetests.TestProfilWithDB"/>
  <testcase name="specializationValidation" time="0.117" classname="databasetests.TestProfilWithDB"/>
  <testcase name="nameValidationByFirstName" time="0.091" classname="databasetests.TestProfilWithDB"/>
</testsuite> <!-- databasetests.TestProfilWithDB -->
